-------------------------------------------------------------------------------
Test set: : As a user, I want to view my own user information using the API
-------------------------------------------------------------------------------
Tests run: 4, Failures: 0, Errors: 4, Skipped: 0, Time elapsed: 0.25 s <<< FAILURE! - in : As a user, I want to view my own user information using the API
: As a user, I want to view my own user information using the API.Decode User #1  Time elapsed: 0.196 s  <<< ERROR!
io.cucumber.junit.UndefinedStepException: 
The step 'I logged Library api with credentials "student5@library" and "libraryUser"' and 10 other step(s) are undefined.
You can implement these steps using the snippet(s) below:

@Given("I logged Library api with credentials {string} and {string}")
public void i_logged_library_api_with_credentials_and(String string, String string2) {
    // Write code here that turns the phrase above into concrete actions
    throw new io.cucumber.java.PendingException();
}
@Given("Accept header is {string}")
public void accept_header_is(String string) {
    // Write code here that turns the phrase above into concrete actions
    throw new io.cucumber.java.PendingException();
}
@Given("Request Content Type header is {string}")
public void request_content_type_header_is(String string) {
    // Write code here that turns the phrase above into concrete actions
    throw new io.cucumber.java.PendingException();
}
@Given("I send token information as request body")
public void i_send_token_information_as_request_body() {
    // Write code here that turns the phrase above into concrete actions
    throw new io.cucumber.java.PendingException();
}
@When("I send POST request to {string} endpoint")
public void i_send_post_request_to_endpoint(String string) {
    // Write code here that turns the phrase above into concrete actions
    throw new io.cucumber.java.PendingException();
}
@Then("status code should be {int}")
public void status_code_should_be(Integer int1) {
    // Write code here that turns the phrase above into concrete actions
    throw new io.cucumber.java.PendingException();
}
@Then("Response Content type is {string}")
public void response_content_type_is(String string) {
    // Write code here that turns the phrase above into concrete actions
    throw new io.cucumber.java.PendingException();
}
@Then("the field value for {string} path should be equal to {string}")
public void the_field_value_for_path_should_be_equal_to(String string, String string2) {
    // Write code here that turns the phrase above into concrete actions
    throw new io.cucumber.java.PendingException();
}
@Then("{string} field should not be null")
public void field_should_not_be_null(String string) {
    // Write code here that turns the phrase above into concrete actions
    throw new io.cucumber.java.PendingException();
}


: As a user, I want to view my own user information using the API.Decode User #2  Time elapsed: 0.024 s  <<< ERROR!
io.cucumber.junit.UndefinedStepException: 
The step 'I logged Library api with credentials "librarian10@library" and "libraryUser"' and 10 other step(s) are undefined.
You can implement these steps using the snippet(s) below:

@Given("I logged Library api with credentials {string} and {string}")
public void i_logged_library_api_with_credentials_and(String string, String string2) {
    // Write code here that turns the phrase above into concrete actions
    throw new io.cucumber.java.PendingException();
}
@Given("Accept header is {string}")
public void accept_header_is(String string) {
    // Write code here that turns the phrase above into concrete actions
    throw new io.cucumber.java.PendingException();
}
@Given("Request Content Type header is {string}")
public void request_content_type_header_is(String string) {
    // Write code here that turns the phrase above into concrete actions
    throw new io.cucumber.java.PendingException();
}
@Given("I send token information as request body")
public void i_send_token_information_as_request_body() {
    // Write code here that turns the phrase above into concrete actions
    throw new io.cucumber.java.PendingException();
}
@When("I send POST request to {string} endpoint")
public void i_send_post_request_to_endpoint(String string) {
    // Write code here that turns the phrase above into concrete actions
    throw new io.cucumber.java.PendingException();
}
@Then("status code should be {int}")
public void status_code_should_be(Integer int1) {
    // Write code here that turns the phrase above into concrete actions
    throw new io.cucumber.java.PendingException();
}
@Then("Response Content type is {string}")
public void response_content_type_is(String string) {
    // Write code here that turns the phrase above into concrete actions
    throw new io.cucumber.java.PendingException();
}
@Then("the field value for {string} path should be equal to {string}")
public void the_field_value_for_path_should_be_equal_to(String string, String string2) {
    // Write code here that turns the phrase above into concrete actions
    throw new io.cucumber.java.PendingException();
}
@Then("{string} field should not be null")
public void field_should_not_be_null(String string) {
    // Write code here that turns the phrase above into concrete actions
    throw new io.cucumber.java.PendingException();
}


: As a user, I want to view my own user information using the API.Decode User #3  Time elapsed: 0.014 s  <<< ERROR!
io.cucumber.junit.UndefinedStepException: 
The step 'I logged Library api with credentials "student10@library" and "libraryUser"' and 10 other step(s) are undefined.
You can implement these steps using the snippet(s) below:

@Given("I logged Library api with credentials {string} and {string}")
public void i_logged_library_api_with_credentials_and(String string, String string2) {
    // Write code here that turns the phrase above into concrete actions
    throw new io.cucumber.java.PendingException();
}
@Given("Accept header is {string}")
public void accept_header_is(String string) {
    // Write code here that turns the phrase above into concrete actions
    throw new io.cucumber.java.PendingException();
}
@Given("Request Content Type header is {string}")
public void request_content_type_header_is(String string) {
    // Write code here that turns the phrase above into concrete actions
    throw new io.cucumber.java.PendingException();
}
@Given("I send token information as request body")
public void i_send_token_information_as_request_body() {
    // Write code here that turns the phrase above into concrete actions
    throw new io.cucumber.java.PendingException();
}
@When("I send POST request to {string} endpoint")
public void i_send_post_request_to_endpoint(String string) {
    // Write code here that turns the phrase above into concrete actions
    throw new io.cucumber.java.PendingException();
}
@Then("status code should be {int}")
public void status_code_should_be(Integer int1) {
    // Write code here that turns the phrase above into concrete actions
    throw new io.cucumber.java.PendingException();
}
@Then("Response Content type is {string}")
public void response_content_type_is(String string) {
    // Write code here that turns the phrase above into concrete actions
    throw new io.cucumber.java.PendingException();
}
@Then("the field value for {string} path should be equal to {string}")
public void the_field_value_for_path_should_be_equal_to(String string, String string2) {
    // Write code here that turns the phrase above into concrete actions
    throw new io.cucumber.java.PendingException();
}
@Then("{string} field should not be null")
public void field_should_not_be_null(String string) {
    // Write code here that turns the phrase above into concrete actions
    throw new io.cucumber.java.PendingException();
}


: As a user, I want to view my own user information using the API.Decode User #4  Time elapsed: 0.008 s  <<< ERROR!
io.cucumber.junit.UndefinedStepException: 
The step 'I logged Library api with credentials "librarian13@library" and "libraryUser"' and 10 other step(s) are undefined.
You can implement these steps using the snippet(s) below:

@Given("I logged Library api with credentials {string} and {string}")
public void i_logged_library_api_with_credentials_and(String string, String string2) {
    // Write code here that turns the phrase above into concrete actions
    throw new io.cucumber.java.PendingException();
}
@Given("Accept header is {string}")
public void accept_header_is(String string) {
    // Write code here that turns the phrase above into concrete actions
    throw new io.cucumber.java.PendingException();
}
@Given("Request Content Type header is {string}")
public void request_content_type_header_is(String string) {
    // Write code here that turns the phrase above into concrete actions
    throw new io.cucumber.java.PendingException();
}
@Given("I send token information as request body")
public void i_send_token_information_as_request_body() {
    // Write code here that turns the phrase above into concrete actions
    throw new io.cucumber.java.PendingException();
}
@When("I send POST request to {string} endpoint")
public void i_send_post_request_to_endpoint(String string) {
    // Write code here that turns the phrase above into concrete actions
    throw new io.cucumber.java.PendingException();
}
@Then("status code should be {int}")
public void status_code_should_be(Integer int1) {
    // Write code here that turns the phrase above into concrete actions
    throw new io.cucumber.java.PendingException();
}
@Then("Response Content type is {string}")
public void response_content_type_is(String string) {
    // Write code here that turns the phrase above into concrete actions
    throw new io.cucumber.java.PendingException();
}
@Then("the field value for {string} path should be equal to {string}")
public void the_field_value_for_path_should_be_equal_to(String string, String string2) {
    // Write code here that turns the phrase above into concrete actions
    throw new io.cucumber.java.PendingException();
}
@Then("{string} field should not be null")
public void field_should_not_be_null(String string) {
    // Write code here that turns the phrase above into concrete actions
    throw new io.cucumber.java.PendingException();
}


