-------------------------------------------------------------------------------
Test set: As a librarian, I want to create a new user
-------------------------------------------------------------------------------
Tests run: 2, Failures: 0, Errors: 2, Skipped: 0, Time elapsed: 0.233 s <<< FAILURE! - in As a librarian, I want to create a new user
As a librarian, I want to create a new user.Create a new user API  Time elapsed: 0.201 s  <<< ERROR!
io.cucumber.junit.UndefinedStepException: 
The step 'I logged Library api as a "librarian"' and 8 other step(s) are undefined.
You can implement these steps using the snippet(s) below:

@Given("I logged Library api as a {string}")
public void i_logged_library_api_as_a(String string) {
    // Write code here that turns the phrase above into concrete actions
    throw new io.cucumber.java.PendingException();
}
@Given("Accept header is {string}")
public void accept_header_is(String string) {
    // Write code here that turns the phrase above into concrete actions
    throw new io.cucumber.java.PendingException();
}
@Given("Request Content Type header is {string}")
public void request_content_type_header_is(String string) {
    // Write code here that turns the phrase above into concrete actions
    throw new io.cucumber.java.PendingException();
}
@Given("I create a random {string} as request body")
public void i_create_a_random_as_request_body(String string) {
    // Write code here that turns the phrase above into concrete actions
    throw new io.cucumber.java.PendingException();
}
@When("I send POST request to {string} endpoint")
public void i_send_post_request_to_endpoint(String string) {
    // Write code here that turns the phrase above into concrete actions
    throw new io.cucumber.java.PendingException();
}
@Then("status code should be {int}")
public void status_code_should_be(Integer int1) {
    // Write code here that turns the phrase above into concrete actions
    throw new io.cucumber.java.PendingException();
}
@Then("Response Content type is {string}")
public void response_content_type_is(String string) {
    // Write code here that turns the phrase above into concrete actions
    throw new io.cucumber.java.PendingException();
}
@Then("the field value for {string} path should be equal to {string}")
public void the_field_value_for_path_should_be_equal_to(String string, String string2) {
    // Write code here that turns the phrase above into concrete actions
    throw new io.cucumber.java.PendingException();
}
@Then("{string} field should not be null")
public void field_should_not_be_null(String string) {
    // Write code here that turns the phrase above into concrete actions
    throw new io.cucumber.java.PendingException();
}


As a librarian, I want to create a new user.Create a new user all layers  Time elapsed: 0.024 s  <<< ERROR!
io.cucumber.junit.UndefinedStepException: 
The step 'I logged Library api as a "librarian"' and 11 other step(s) are undefined.
You can implement these steps using the snippet(s) below:

@Given("I logged Library api as a {string}")
public void i_logged_library_api_as_a(String string) {
    // Write code here that turns the phrase above into concrete actions
    throw new io.cucumber.java.PendingException();
}
@Given("Accept header is {string}")
public void accept_header_is(String string) {
    // Write code here that turns the phrase above into concrete actions
    throw new io.cucumber.java.PendingException();
}
@Given("Request Content Type header is {string}")
public void request_content_type_header_is(String string) {
    // Write code here that turns the phrase above into concrete actions
    throw new io.cucumber.java.PendingException();
}
@Given("I create a random {string} as request body")
public void i_create_a_random_as_request_body(String string) {
    // Write code here that turns the phrase above into concrete actions
    throw new io.cucumber.java.PendingException();
}
@When("I send POST request to {string} endpoint")
public void i_send_post_request_to_endpoint(String string) {
    // Write code here that turns the phrase above into concrete actions
    throw new io.cucumber.java.PendingException();
}
@Then("status code should be {int}")
public void status_code_should_be(Integer int1) {
    // Write code here that turns the phrase above into concrete actions
    throw new io.cucumber.java.PendingException();
}
@Then("Response Content type is {string}")
public void response_content_type_is(String string) {
    // Write code here that turns the phrase above into concrete actions
    throw new io.cucumber.java.PendingException();
}
@Then("the field value for {string} path should be equal to {string}")
public void the_field_value_for_path_should_be_equal_to(String string, String string2) {
    // Write code here that turns the phrase above into concrete actions
    throw new io.cucumber.java.PendingException();
}
@Then("{string} field should not be null")
public void field_should_not_be_null(String string) {
    // Write code here that turns the phrase above into concrete actions
    throw new io.cucumber.java.PendingException();
}
@Then("created user information should match with Database")
public void created_user_information_should_match_with_database() {
    // Write code here that turns the phrase above into concrete actions
    throw new io.cucumber.java.PendingException();
}
@Then("created user should be able to login Library UI")
public void created_user_should_be_able_to_login_library_ui() {
    // Write code here that turns the phrase above into concrete actions
    throw new io.cucumber.java.PendingException();
}
@Then("created user name should appear in Dashboard Page")
public void created_user_name_should_appear_in_dashboard_page() {
    // Write code here that turns the phrase above into concrete actions
    throw new io.cucumber.java.PendingException();
}


