<?xml version="1.0" encoding="UTF-8"?>
<testsuite xmlns:xsi="http://www.w3.org/2001/XMLSchema-instance" xsi:noNamespaceSchemaLocation="https://maven.apache.org/surefire/maven-surefire-plugin/xsd/surefire-test-report-3.0.xsd" version="3.0" name=": As a user, I want to view my own user information using the API" time="0.25" tests="4" errors="4" skipped="0" failures="0">
  <properties>
[...]
</properties>
  <testcase name="Decode User #1" classname=": As a user, I want to view my own user information using the API" time="0.196">
    <error message="The step &apos;I logged Library api with credentials &quot;student5@library&quot; and &quot;libraryUser&quot;&apos; and 10 other step(s) are undefined.&#10;You can implement these steps using the snippet(s) below:&#10;&#10;@Given(&quot;I logged Library api with credentials {string} and {string}&quot;)&#10;public void i_logged_library_api_with_credentials_and(String string, String string2) {&#10;    // Write code here that turns the phrase above into concrete actions&#10;    throw new io.cucumber.java.PendingException();&#10;}&#10;@Given(&quot;Accept header is {string}&quot;)&#10;public void accept_header_is(String string) {&#10;    // Write code here that turns the phrase above into concrete actions&#10;    throw new io.cucumber.java.PendingException();&#10;}&#10;@Given(&quot;Request Content Type header is {string}&quot;)&#10;public void request_content_type_header_is(String string) {&#10;    // Write code here that turns the phrase above into concrete actions&#10;    throw new io.cucumber.java.PendingException();&#10;}&#10;@Given(&quot;I send token information as request body&quot;)&#10;public void i_send_token_information_as_request_body() {&#10;    // Write code here that turns the phrase above into concrete actions&#10;    throw new io.cucumber.java.PendingException();&#10;}&#10;@When(&quot;I send POST request to {string} endpoint&quot;)&#10;public void i_send_post_request_to_endpoint(String string) {&#10;    // Write code here that turns the phrase above into concrete actions&#10;    throw new io.cucumber.java.PendingException();&#10;}&#10;@Then(&quot;status code should be {int}&quot;)&#10;public void status_code_should_be(Integer int1) {&#10;    // Write code here that turns the phrase above into concrete actions&#10;    throw new io.cucumber.java.PendingException();&#10;}&#10;@Then(&quot;Response Content type is {string}&quot;)&#10;public void response_content_type_is(String string) {&#10;    // Write code here that turns the phrase above into concrete actions&#10;    throw new io.cucumber.java.PendingException();&#10;}&#10;@Then(&quot;the field value for {string} path should be equal to {string}&quot;)&#10;public void the_field_value_for_path_should_be_equal_to(String string, String string2) {&#10;    // Write code here that turns the phrase above into concrete actions&#10;    throw new io.cucumber.java.PendingException();&#10;}&#10;@Then(&quot;{string} field should not be null&quot;)&#10;public void field_should_not_be_null(String string) {&#10;    // Write code here that turns the phrase above into concrete actions&#10;    throw new io.cucumber.java.PendingException();&#10;}&#10;" type="io.cucumber.junit.UndefinedStepException"><![CDATA[io.cucumber.junit.UndefinedStepException: 
The step 'I logged Library api with credentials "student5@library" and "libraryUser"' and 10 other step(s) are undefined.
You can implement these steps using the snippet(s) below:

@Given("I logged Library api with credentials {string} and {string}")
public void i_logged_library_api_with_credentials_and(String string, String string2) {
    // Write code here that turns the phrase above into concrete actions
    throw new io.cucumber.java.PendingException();
}
@Given("Accept header is {string}")
public void accept_header_is(String string) {
    // Write code here that turns the phrase above into concrete actions
    throw new io.cucumber.java.PendingException();
}
@Given("Request Content Type header is {string}")
public void request_content_type_header_is(String string) {
    // Write code here that turns the phrase above into concrete actions
    throw new io.cucumber.java.PendingException();
}
@Given("I send token information as request body")
public void i_send_token_information_as_request_body() {
    // Write code here that turns the phrase above into concrete actions
    throw new io.cucumber.java.PendingException();
}
@When("I send POST request to {string} endpoint")
public void i_send_post_request_to_endpoint(String string) {
    // Write code here that turns the phrase above into concrete actions
    throw new io.cucumber.java.PendingException();
}
@Then("status code should be {int}")
public void status_code_should_be(Integer int1) {
    // Write code here that turns the phrase above into concrete actions
    throw new io.cucumber.java.PendingException();
}
@Then("Response Content type is {string}")
public void response_content_type_is(String string) {
    // Write code here that turns the phrase above into concrete actions
    throw new io.cucumber.java.PendingException();
}
@Then("the field value for {string} path should be equal to {string}")
public void the_field_value_for_path_should_be_equal_to(String string, String string2) {
    // Write code here that turns the phrase above into concrete actions
    throw new io.cucumber.java.PendingException();
}
@Then("{string} field should not be null")
public void field_should_not_be_null(String string) {
    // Write code here that turns the phrase above into concrete actions
    throw new io.cucumber.java.PendingException();
}

]]></error>
  </testcase>
  <testcase name="Decode User #2" classname=": As a user, I want to view my own user information using the API" time="0.024">
    <error message="The step &apos;I logged Library api with credentials &quot;librarian10@library&quot; and &quot;libraryUser&quot;&apos; and 10 other step(s) are undefined.&#10;You can implement these steps using the snippet(s) below:&#10;&#10;@Given(&quot;I logged Library api with credentials {string} and {string}&quot;)&#10;public void i_logged_library_api_with_credentials_and(String string, String string2) {&#10;    // Write code here that turns the phrase above into concrete actions&#10;    throw new io.cucumber.java.PendingException();&#10;}&#10;@Given(&quot;Accept header is {string}&quot;)&#10;public void accept_header_is(String string) {&#10;    // Write code here that turns the phrase above into concrete actions&#10;    throw new io.cucumber.java.PendingException();&#10;}&#10;@Given(&quot;Request Content Type header is {string}&quot;)&#10;public void request_content_type_header_is(String string) {&#10;    // Write code here that turns the phrase above into concrete actions&#10;    throw new io.cucumber.java.PendingException();&#10;}&#10;@Given(&quot;I send token information as request body&quot;)&#10;public void i_send_token_information_as_request_body() {&#10;    // Write code here that turns the phrase above into concrete actions&#10;    throw new io.cucumber.java.PendingException();&#10;}&#10;@When(&quot;I send POST request to {string} endpoint&quot;)&#10;public void i_send_post_request_to_endpoint(String string) {&#10;    // Write code here that turns the phrase above into concrete actions&#10;    throw new io.cucumber.java.PendingException();&#10;}&#10;@Then(&quot;status code should be {int}&quot;)&#10;public void status_code_should_be(Integer int1) {&#10;    // Write code here that turns the phrase above into concrete actions&#10;    throw new io.cucumber.java.PendingException();&#10;}&#10;@Then(&quot;Response Content type is {string}&quot;)&#10;public void response_content_type_is(String string) {&#10;    // Write code here that turns the phrase above into concrete actions&#10;    throw new io.cucumber.java.PendingException();&#10;}&#10;@Then(&quot;the field value for {string} path should be equal to {string}&quot;)&#10;public void the_field_value_for_path_should_be_equal_to(String string, String string2) {&#10;    // Write code here that turns the phrase above into concrete actions&#10;    throw new io.cucumber.java.PendingException();&#10;}&#10;@Then(&quot;{string} field should not be null&quot;)&#10;public void field_should_not_be_null(String string) {&#10;    // Write code here that turns the phrase above into concrete actions&#10;    throw new io.cucumber.java.PendingException();&#10;}&#10;" type="io.cucumber.junit.UndefinedStepException"><![CDATA[io.cucumber.junit.UndefinedStepException: 
The step 'I logged Library api with credentials "librarian10@library" and "libraryUser"' and 10 other step(s) are undefined.
You can implement these steps using the snippet(s) below:

@Given("I logged Library api with credentials {string} and {string}")
public void i_logged_library_api_with_credentials_and(String string, String string2) {
    // Write code here that turns the phrase above into concrete actions
    throw new io.cucumber.java.PendingException();
}
@Given("Accept header is {string}")
public void accept_header_is(String string) {
    // Write code here that turns the phrase above into concrete actions
    throw new io.cucumber.java.PendingException();
}
@Given("Request Content Type header is {string}")
public void request_content_type_header_is(String string) {
    // Write code here that turns the phrase above into concrete actions
    throw new io.cucumber.java.PendingException();
}
@Given("I send token information as request body")
public void i_send_token_information_as_request_body() {
    // Write code here that turns the phrase above into concrete actions
    throw new io.cucumber.java.PendingException();
}
@When("I send POST request to {string} endpoint")
public void i_send_post_request_to_endpoint(String string) {
    // Write code here that turns the phrase above into concrete actions
    throw new io.cucumber.java.PendingException();
}
@Then("status code should be {int}")
public void status_code_should_be(Integer int1) {
    // Write code here that turns the phrase above into concrete actions
    throw new io.cucumber.java.PendingException();
}
@Then("Response Content type is {string}")
public void response_content_type_is(String string) {
    // Write code here that turns the phrase above into concrete actions
    throw new io.cucumber.java.PendingException();
}
@Then("the field value for {string} path should be equal to {string}")
public void the_field_value_for_path_should_be_equal_to(String string, String string2) {
    // Write code here that turns the phrase above into concrete actions
    throw new io.cucumber.java.PendingException();
}
@Then("{string} field should not be null")
public void field_should_not_be_null(String string) {
    // Write code here that turns the phrase above into concrete actions
    throw new io.cucumber.java.PendingException();
}

]]></error>
  </testcase>
  <testcase name="Decode User #3" classname=": As a user, I want to view my own user information using the API" time="0.014">
    <error message="The step &apos;I logged Library api with credentials &quot;student10@library&quot; and &quot;libraryUser&quot;&apos; and 10 other step(s) are undefined.&#10;You can implement these steps using the snippet(s) below:&#10;&#10;@Given(&quot;I logged Library api with credentials {string} and {string}&quot;)&#10;public void i_logged_library_api_with_credentials_and(String string, String string2) {&#10;    // Write code here that turns the phrase above into concrete actions&#10;    throw new io.cucumber.java.PendingException();&#10;}&#10;@Given(&quot;Accept header is {string}&quot;)&#10;public void accept_header_is(String string) {&#10;    // Write code here that turns the phrase above into concrete actions&#10;    throw new io.cucumber.java.PendingException();&#10;}&#10;@Given(&quot;Request Content Type header is {string}&quot;)&#10;public void request_content_type_header_is(String string) {&#10;    // Write code here that turns the phrase above into concrete actions&#10;    throw new io.cucumber.java.PendingException();&#10;}&#10;@Given(&quot;I send token information as request body&quot;)&#10;public void i_send_token_information_as_request_body() {&#10;    // Write code here that turns the phrase above into concrete actions&#10;    throw new io.cucumber.java.PendingException();&#10;}&#10;@When(&quot;I send POST request to {string} endpoint&quot;)&#10;public void i_send_post_request_to_endpoint(String string) {&#10;    // Write code here that turns the phrase above into concrete actions&#10;    throw new io.cucumber.java.PendingException();&#10;}&#10;@Then(&quot;status code should be {int}&quot;)&#10;public void status_code_should_be(Integer int1) {&#10;    // Write code here that turns the phrase above into concrete actions&#10;    throw new io.cucumber.java.PendingException();&#10;}&#10;@Then(&quot;Response Content type is {string}&quot;)&#10;public void response_content_type_is(String string) {&#10;    // Write code here that turns the phrase above into concrete actions&#10;    throw new io.cucumber.java.PendingException();&#10;}&#10;@Then(&quot;the field value for {string} path should be equal to {string}&quot;)&#10;public void the_field_value_for_path_should_be_equal_to(String string, String string2) {&#10;    // Write code here that turns the phrase above into concrete actions&#10;    throw new io.cucumber.java.PendingException();&#10;}&#10;@Then(&quot;{string} field should not be null&quot;)&#10;public void field_should_not_be_null(String string) {&#10;    // Write code here that turns the phrase above into concrete actions&#10;    throw new io.cucumber.java.PendingException();&#10;}&#10;" type="io.cucumber.junit.UndefinedStepException"><![CDATA[io.cucumber.junit.UndefinedStepException: 
The step 'I logged Library api with credentials "student10@library" and "libraryUser"' and 10 other step(s) are undefined.
You can implement these steps using the snippet(s) below:

@Given("I logged Library api with credentials {string} and {string}")
public void i_logged_library_api_with_credentials_and(String string, String string2) {
    // Write code here that turns the phrase above into concrete actions
    throw new io.cucumber.java.PendingException();
}
@Given("Accept header is {string}")
public void accept_header_is(String string) {
    // Write code here that turns the phrase above into concrete actions
    throw new io.cucumber.java.PendingException();
}
@Given("Request Content Type header is {string}")
public void request_content_type_header_is(String string) {
    // Write code here that turns the phrase above into concrete actions
    throw new io.cucumber.java.PendingException();
}
@Given("I send token information as request body")
public void i_send_token_information_as_request_body() {
    // Write code here that turns the phrase above into concrete actions
    throw new io.cucumber.java.PendingException();
}
@When("I send POST request to {string} endpoint")
public void i_send_post_request_to_endpoint(String string) {
    // Write code here that turns the phrase above into concrete actions
    throw new io.cucumber.java.PendingException();
}
@Then("status code should be {int}")
public void status_code_should_be(Integer int1) {
    // Write code here that turns the phrase above into concrete actions
    throw new io.cucumber.java.PendingException();
}
@Then("Response Content type is {string}")
public void response_content_type_is(String string) {
    // Write code here that turns the phrase above into concrete actions
    throw new io.cucumber.java.PendingException();
}
@Then("the field value for {string} path should be equal to {string}")
public void the_field_value_for_path_should_be_equal_to(String string, String string2) {
    // Write code here that turns the phrase above into concrete actions
    throw new io.cucumber.java.PendingException();
}
@Then("{string} field should not be null")
public void field_should_not_be_null(String string) {
    // Write code here that turns the phrase above into concrete actions
    throw new io.cucumber.java.PendingException();
}

]]></error>
  </testcase>
  <testcase name="Decode User #4" classname=": As a user, I want to view my own user information using the API" time="0.008">
    <error message="The step &apos;I logged Library api with credentials &quot;librarian13@library&quot; and &quot;libraryUser&quot;&apos; and 10 other step(s) are undefined.&#10;You can implement these steps using the snippet(s) below:&#10;&#10;@Given(&quot;I logged Library api with credentials {string} and {string}&quot;)&#10;public void i_logged_library_api_with_credentials_and(String string, String string2) {&#10;    // Write code here that turns the phrase above into concrete actions&#10;    throw new io.cucumber.java.PendingException();&#10;}&#10;@Given(&quot;Accept header is {string}&quot;)&#10;public void accept_header_is(String string) {&#10;    // Write code here that turns the phrase above into concrete actions&#10;    throw new io.cucumber.java.PendingException();&#10;}&#10;@Given(&quot;Request Content Type header is {string}&quot;)&#10;public void request_content_type_header_is(String string) {&#10;    // Write code here that turns the phrase above into concrete actions&#10;    throw new io.cucumber.java.PendingException();&#10;}&#10;@Given(&quot;I send token information as request body&quot;)&#10;public void i_send_token_information_as_request_body() {&#10;    // Write code here that turns the phrase above into concrete actions&#10;    throw new io.cucumber.java.PendingException();&#10;}&#10;@When(&quot;I send POST request to {string} endpoint&quot;)&#10;public void i_send_post_request_to_endpoint(String string) {&#10;    // Write code here that turns the phrase above into concrete actions&#10;    throw new io.cucumber.java.PendingException();&#10;}&#10;@Then(&quot;status code should be {int}&quot;)&#10;public void status_code_should_be(Integer int1) {&#10;    // Write code here that turns the phrase above into concrete actions&#10;    throw new io.cucumber.java.PendingException();&#10;}&#10;@Then(&quot;Response Content type is {string}&quot;)&#10;public void response_content_type_is(String string) {&#10;    // Write code here that turns the phrase above into concrete actions&#10;    throw new io.cucumber.java.PendingException();&#10;}&#10;@Then(&quot;the field value for {string} path should be equal to {string}&quot;)&#10;public void the_field_value_for_path_should_be_equal_to(String string, String string2) {&#10;    // Write code here that turns the phrase above into concrete actions&#10;    throw new io.cucumber.java.PendingException();&#10;}&#10;@Then(&quot;{string} field should not be null&quot;)&#10;public void field_should_not_be_null(String string) {&#10;    // Write code here that turns the phrase above into concrete actions&#10;    throw new io.cucumber.java.PendingException();&#10;}&#10;" type="io.cucumber.junit.UndefinedStepException"><![CDATA[io.cucumber.junit.UndefinedStepException: 
The step 'I logged Library api with credentials "librarian13@library" and "libraryUser"' and 10 other step(s) are undefined.
You can implement these steps using the snippet(s) below:

@Given("I logged Library api with credentials {string} and {string}")
public void i_logged_library_api_with_credentials_and(String string, String string2) {
    // Write code here that turns the phrase above into concrete actions
    throw new io.cucumber.java.PendingException();
}
@Given("Accept header is {string}")
public void accept_header_is(String string) {
    // Write code here that turns the phrase above into concrete actions
    throw new io.cucumber.java.PendingException();
}
@Given("Request Content Type header is {string}")
public void request_content_type_header_is(String string) {
    // Write code here that turns the phrase above into concrete actions
    throw new io.cucumber.java.PendingException();
}
@Given("I send token information as request body")
public void i_send_token_information_as_request_body() {
    // Write code here that turns the phrase above into concrete actions
    throw new io.cucumber.java.PendingException();
}
@When("I send POST request to {string} endpoint")
public void i_send_post_request_to_endpoint(String string) {
    // Write code here that turns the phrase above into concrete actions
    throw new io.cucumber.java.PendingException();
}
@Then("status code should be {int}")
public void status_code_should_be(Integer int1) {
    // Write code here that turns the phrase above into concrete actions
    throw new io.cucumber.java.PendingException();
}
@Then("Response Content type is {string}")
public void response_content_type_is(String string) {
    // Write code here that turns the phrase above into concrete actions
    throw new io.cucumber.java.PendingException();
}
@Then("the field value for {string} path should be equal to {string}")
public void the_field_value_for_path_should_be_equal_to(String string, String string2) {
    // Write code here that turns the phrase above into concrete actions
    throw new io.cucumber.java.PendingException();
}
@Then("{string} field should not be null")
public void field_should_not_be_null(String string) {
    // Write code here that turns the phrase above into concrete actions
    throw new io.cucumber.java.PendingException();
}

]]></error>
  </testcase>
</testsuite>