<?xml version="1.0" encoding="UTF-8"?>
<testsuite xmlns:xsi="http://www.w3.org/2001/XMLSchema-instance" xsi:noNamespaceSchemaLocation="https://maven.apache.org/surefire/maven-surefire-plugin/xsd/surefire-test-report-3.0.xsd" version="3.0" name="Default" time="7.347" tests="2" errors="0" skipped="0" failures="0">
  <properties>
[...]
</properties>
  <testcase name="US1AC1 - Create a new user API - OFG" classname="Default" time="2.763">
    <system-out><![CDATA[HTTP/1.1 200 OK
Date: Fri, 14 Apr 2023 20:54:52 GMT
Server: Apache/2.4.18 (Ubuntu)
Access-Control-Allow-Origin: *
Access-Control-Expose-Headers: Content-Length, X-JSON
Access-Control-Allow-Methods: GET, POST, PATCH, PUT, DELETE, OPTIONS
Access-Control-Allow-Headers: *
Content-Length: 600
Keep-Alive: timeout=5, max=100
Connection: Keep-Alive
Content-Type: application/json; charset=utf-8

{
    "token": "eyJ0eXAiOiJKV1QiLCJhbGciOiJIUzI1NiJ9.eyJ1c2VyIjp7ImlkIjoiNTgyMiIsImZ1bGxfbmFtZSI6IlRlc3QgTGlicmFyaWFuIDEwIiwiZW1haWwiOiJsaWJyYXJpYW4xMEBsaWJyYXJ5IiwidXNlcl9ncm91cF9pZCI6IjIifSwiaWF0IjoxNjgxNTA1NjkyLCJleHAiOjE2ODQwOTc2OTJ9.9Wz8hLKOW-IG5dL3IdxBvCnC0fO_90b5vVzrS2nBzjQ",
    "redirect_uri": "//library2.cydeo.com/redirect.html?t=eyJ0eXAiOiJKV1QiLCJhbGciOiJIUzI1NiJ9.eyJ1c2VyIjp7ImlkIjoiNTgyMiIsImZ1bGxfbmFtZSI6IlRlc3QgTGlicmFyaWFuIDEwIiwiZW1haWwiOiJsaWJyYXJpYW4xMEBsaWJyYXJ5IiwidXNlcl9ncm91cF9pZCI6IjIifSwiaWF0IjoxNjgxNTA1NjkyLCJleHAiOjE2ODQwOTc2OTJ9.9Wz8hLKOW-IG5dL3IdxBvCnC0fO_90b5vVzrS2nBzjQ"
}
Keesha@library
Request URI:	https://library2.cydeo.com/rest/v1/add_user
]]></system-out>
    <system-err><![CDATA[SLF4J: Failed to load class "org.slf4j.impl.StaticLoggerBinder".
SLF4J: Defaulting to no-operation (NOP) logger implementation
SLF4J: See http://www.slf4j.org/codes.html#StaticLoggerBinder for further details.
]]></system-err>
  </testcase>
  <testcase name="US1AC2 - Create a new user all layers - OFG" classname="Default" time="4.584">
    <system-out><![CDATA[Connecting to database...
CONNECTION SUCCESSFUL
HTTP/1.1 200 OK
Date: Fri, 14 Apr 2023 20:54:55 GMT
Server: Apache/2.4.18 (Ubuntu)
Access-Control-Allow-Origin: *
Access-Control-Expose-Headers: Content-Length, X-JSON
Access-Control-Allow-Methods: GET, POST, PATCH, PUT, DELETE, OPTIONS
Access-Control-Allow-Headers: *
Content-Length: 600
Keep-Alive: timeout=5, max=100
Connection: Keep-Alive
Content-Type: application/json; charset=utf-8

{
    "token": "eyJ0eXAiOiJKV1QiLCJhbGciOiJIUzI1NiJ9.eyJ1c2VyIjp7ImlkIjoiNTgyMiIsImZ1bGxfbmFtZSI6IlRlc3QgTGlicmFyaWFuIDEwIiwiZW1haWwiOiJsaWJyYXJpYW4xMEBsaWJyYXJ5IiwidXNlcl9ncm91cF9pZCI6IjIifSwiaWF0IjoxNjgxNTA1Njk1LCJleHAiOjE2ODQwOTc2OTV9.lGx4QTkYYfr3TtR2n9I4we6bf0tqYN4Tr2209fXZVf8",
    "redirect_uri": "//library2.cydeo.com/redirect.html?t=eyJ0eXAiOiJKV1QiLCJhbGciOiJIUzI1NiJ9.eyJ1c2VyIjp7ImlkIjoiNTgyMiIsImZ1bGxfbmFtZSI6IlRlc3QgTGlicmFyaWFuIDEwIiwiZW1haWwiOiJsaWJyYXJpYW4xMEBsaWJyYXJ5IiwidXNlcl9ncm91cF9pZCI6IjIifSwiaWF0IjoxNjgxNTA1Njk1LCJleHAiOjE2ODQwOTc2OTV9.lGx4QTkYYfr3TtR2n9I4we6bf0tqYN4Tr2209fXZVf8"
}
Rita@library
Request URI:	https://library2.cydeo.com/rest/v1/add_user
close database connection...
]]></system-out>
    <system-err><![CDATA[Starting ChromeDriver 112.0.5615.49 (bd2a7bcb881c11e8cfe3078709382934e3916914-refs/branch-heads/5615@{#936}) on port 28543
Only local connections are allowed.
Please see https://chromedriver.chromium.org/security-considerations for suggestions on keeping ChromeDriver safe.
ChromeDriver was started successfully.
Apr 14, 2023 4:54:54 PM org.openqa.selenium.remote.ProtocolHandshake createSession
INFO: Detected dialect: W3C
]]></system-err>
  </testcase>
</testsuite>